[debug] [2023-11-29T22:35:56.815Z] ----------------------------------------------------------------------
[debug] [2023-11-29T22:35:56.817Z] Command:       C:\Program Files\nodejs\node.exe C:\Users\yassi\AppData\Roaming\npm\node_modules\firebase-tools\lib\bin\firebase.js init hosting
[debug] [2023-11-29T22:35:56.818Z] CLI Version:   12.9.1
[debug] [2023-11-29T22:35:56.818Z] Platform:      win32
[debug] [2023-11-29T22:35:56.819Z] Node Version:  v18.18.0
[debug] [2023-11-29T22:35:56.820Z] Time:          Wed Nov 29 2023 23:35:56 GMT+0100 (Midden-Europese standaardtijd)
[debug] [2023-11-29T22:35:56.820Z] ----------------------------------------------------------------------
[debug] 
[debug] [2023-11-29T22:35:56.828Z] > command requires scopes: ["email","openid","https://www.googleapis.com/auth/cloudplatformprojects.readonly","https://www.googleapis.com/auth/firebase","https://www.googleapis.com/auth/cloud-platform"]
[debug] [2023-11-29T22:35:56.828Z] > authorizing via signed-in user (yassine3107@hotmail.com)
[info] 
     ######## #### ########  ######## ########     ###     ######  ########
     ##        ##  ##     ## ##       ##     ##  ##   ##  ##       ##
     ######    ##  ########  ######   ########  #########  ######  ######
     ##        ##  ##    ##  ##       ##     ## ##     ##       ## ##
     ##       #### ##     ## ######## ########  ##     ##  ######  ########

You're about to initialize a Firebase project in this directory:

  D:\wb\pf

[info] 
=== Project Setup
[info] 
[info] First, let's associate this project directory with a Firebase project.
[info] You can create multiple project aliases by running firebase use --add, 
[info] but for now we'll just set up a default project.
[info] 
[debug] [2023-11-29T22:36:37.956Z] > refreshing access token with scopes: []
[debug] [2023-11-29T22:36:37.960Z] >>> [apiv2][query] POST https://www.googleapis.com/oauth2/v3/token [none]
[debug] [2023-11-29T22:36:37.960Z] >>> [apiv2][body] POST https://www.googleapis.com/oauth2/v3/token [omitted]
[debug] [2023-11-29T22:36:38.179Z] <<< [apiv2][status] POST https://www.googleapis.com/oauth2/v3/token 200
[debug] [2023-11-29T22:36:38.180Z] <<< [apiv2][body] POST https://www.googleapis.com/oauth2/v3/token [omitted]
[debug] [2023-11-29T22:36:38.200Z] >>> [apiv2][query] GET https://firebase.googleapis.com/v1beta1/projects pageSize=100
[debug] [2023-11-29T22:36:38.647Z] <<< [apiv2][status] GET https://firebase.googleapis.com/v1beta1/projects 200
[debug] [2023-11-29T22:36:38.647Z] <<< [apiv2][body] GET https://firebase.googleapis.com/v1beta1/projects [omitted]
[info] i  Using project ymcodes (YMcodes) 
[info] 
=== Hosting Setup
[debug] [2023-11-29T22:36:40.993Z] >>> [apiv2][query] GET https://firebase.googleapis.com/v1beta1/projects/ymcodes [none]
[debug] [2023-11-29T22:36:41.256Z] <<< [apiv2][status] GET https://firebase.googleapis.com/v1beta1/projects/ymcodes 200
[debug] [2023-11-29T22:36:41.257Z] <<< [apiv2][body] GET https://firebase.googleapis.com/v1beta1/projects/ymcodes {"projectId":"ymcodes","projectNumber":"202860046750","displayName":"YMcodes","name":"projects/ymcodes","resources":{"hostingSite":"ymcodes"},"state":"ACTIVE","etag":"1_ed0c4c74-9cf5-42a7-9fab-500c56e54953"}
[info] 
[info] Your public directory is the folder (relative to your project directory) that
[info] will contain Hosting assets to be uploaded with firebase deploy. If you
[info] have a build process for your assets, use your build's output directory.
[info] 
